<?xml version="1.0" encoding="UTF-8"?>
<!-- Generated by org.testng.reporters.JUnitReportReporter -->
<testsuite hostname="SWAPNIL-PC" failures="0" tests="3" name="TestNG.sample1" time="0.021" errors="0" timestamp="2010-01-01T01:58:44 IST" skipped="0">
  <testcase classname="TestNG.sample1" name="TC2" time="0.003"/>
  <system-out/>
  <testcase classname="TestNG.sample1" name="TC1" time="0.015"/>
  <system-out/>
  <testcase classname="TestNG.sample1" name="TC3" time="0.003"/>
  <system-out/>
</testsuite> <!-- TestNG.sample1 -->
