<?xml version="1.0" encoding="UTF-8"?>
<!-- Generated by org.testng.reporters.JUnitReportReporter -->
<testsuite hostname="SWAPNIL-PC" failures="0" tests="3" name="TestNG.TestNG_Group" time="0.024" errors="0" timestamp="2010-01-01T02:08:20 IST" skipped="0">
  <testcase classname="TestNG.TestNG_Group" name="TC2" time="0.017"/>
  <system-out/>
  <testcase classname="TestNG.TestNG_Group" name="TC4" time="0.003"/>
  <system-out/>
  <testcase classname="TestNG.TestNG_Group" name="TC3" time="0.004"/>
  <system-out/>
</testsuite> <!-- TestNG.TestNG_Group -->
