<?xml version="1.0" encoding="UTF-8"?>
<!-- Generated by org.testng.reporters.JUnitReportReporter -->
<testsuite hostname="SWAPNIL-PC" failures="0" tests="1" name="TestNG.Parallel1" time="20.883" errors="0" timestamp="2022-05-27T14:32:10 IST" skipped="0">
  <testcase classname="TestNG.Parallel1" name="TC1" time="20.883"/>
  <system-out/>
</testsuite> <!-- TestNG.Parallel1 -->
