<?xml version="1.0" encoding="UTF-8"?>
<!-- Generated by org.testng.reporters.JUnitReportReporter -->
<testsuite hostname="SWAPNIL-PC" failures="0" tests="2" name="TestNG.Multibrowser_Testing" time="72.379" errors="0" timestamp="2022-05-28T14:30:35 IST" skipped="0">
  <testcase classname="TestNG.Multibrowser_Testing" name="TC1" time="57.903"/>
  <system-out/>
  <testcase classname="TestNG.Multibrowser_Testing" name="TC1" time="14.476"/>
  <system-out/>
</testsuite> <!-- TestNG.Multibrowser_Testing -->
