<?xml version="1.0" encoding="UTF-8"?>
<!-- Generated by org.testng.reporters.JUnitReportReporter -->
<testsuite hostname="SWAPNIL-PC" failures="0" tests="3" name="TestNG.sample3" time="0.009" errors="0" timestamp="2010-01-01T01:58:44 IST" skipped="0">
  <testcase classname="TestNG.sample3" name="TC10" time="0.003"/>
  <system-out/>
  <testcase classname="TestNG.sample3" name="TC9" time="0.002"/>
  <system-out/>
  <testcase classname="TestNG.sample3" name="TC8" time="0.004"/>
  <system-out/>
</testsuite> <!-- TestNG.sample3 -->
