<?xml version="1.0" encoding="UTF-8"?>
<!-- Generated by org.testng.reporters.JUnitReportReporter -->
<testsuite hostname="SWAPNIL-PC" failures="0" tests="1" name="TestNG.TestNG_Test_Class" time="0.016" errors="0" timestamp="2022-05-24T13:52:24 IST" skipped="0">
  <testcase classname="TestNG.TestNG_Test_Class" name="test" time="0.016"/>
  <system-out>
    <![CDATA[Quantum Academy]]>
  </system-out>
</testsuite> <!-- TestNG.TestNG_Test_Class -->
