<?xml version="1.0" encoding="UTF-8"?>
<!-- Generated by org.testng.reporters.JUnitReportReporter -->
<testsuite hostname="SWAPNIL-PC" failures="0" tests="3" name="TestNG.sample3$sample1" time="0.008" errors="0" timestamp="2010-01-01T01:47:15 IST" skipped="0">
  <testcase classname="TestNG.sample3$sample1" name="TC10" time="0.002"/>
  <system-out/>
  <testcase classname="TestNG.sample3$sample1" name="TC9" time="0.003"/>
  <system-out/>
  <testcase classname="TestNG.sample3$sample1" name="TC8" time="0.003"/>
  <system-out/>
</testsuite> <!-- TestNG.sample3$sample1 -->
