<?xml version="1.0" encoding="UTF-8"?>
<!-- Generated by org.testng.reporters.JUnitReportReporter -->
<testsuite hostname="SWAPNIL-PC" failures="0" tests="2" name="TestNG.TestNG_Sample1" time="0.012" errors="0" timestamp="2010-01-01T00:27:29 IST" skipped="0">
  <testcase classname="TestNG.TestNG_Sample1" name="verifyUsername1" time="0.008"/>
  <system-out/>
  <testcase classname="TestNG.TestNG_Sample1" name="verifyUsername2" time="0.004"/>
  <system-out/>
</testsuite> <!-- TestNG.TestNG_Sample1 -->
