<?xml version="1.0" encoding="UTF-8"?>
<!-- Generated by org.testng.reporters.JUnitReportReporter -->
<testsuite hostname="SWAPNIL-PC" failures="0" tests="3" name="TestNG.DataProviderAnnotations" time="0.019" errors="0" timestamp="2010-01-01T00:54:42 IST" skipped="0">
  <testcase classname="TestNG.DataProviderAnnotations" name="display" time="0.002"/>
  <system-out/>
  <testcase classname="TestNG.DataProviderAnnotations" name="display" time="0.003"/>
  <system-out/>
  <testcase classname="TestNG.DataProviderAnnotations" name="display" time="0.014"/>
  <system-out/>
</testsuite> <!-- TestNG.DataProviderAnnotations -->
