<?xml version="1.0" encoding="UTF-8"?>
<!-- Generated by org.testng.reporters.JUnitReportReporter -->
<testsuite hostname="SWAPNIL-PC" failures="0" tests="2" name="TestNG.TestNG_Assertions" time="0.027" errors="0" timestamp="2010-01-01T02:44:22 IST" skipped="0">
  <testcase classname="TestNG.TestNG_Assertions" name="test1" time="0.023"/>
  <system-out>
    <![CDATA[running test1 method]]>
  </system-out>
  <testcase classname="TestNG.TestNG_Assertions" name="test2" time="0.004"/>
  <system-out>
    <![CDATA[running test2 method]]>
  </system-out>
</testsuite> <!-- TestNG.TestNG_Assertions -->
